\BOOKMARK [1][-]{section.1}{\376\377\004\022\004\062\004\065\004\064\004\065\004\075\004\070\004\065}{}% 1
\BOOKMARK [2][-]{subsection.1.1}{\376\377\004\037\004\076\004\101\004\102\004\060\004\075\004\076\004\062\004\072\004\060\000\040\004\067\004\060\004\064\004\060\004\107\004\070}{section.1}% 2
\BOOKMARK [2][-]{subsection.1.2}{\376\377\004\041\004\103\004\111\004\065\004\101\004\102\004\062\004\103\004\116\004\111\004\070\004\065\000\040\004\100\004\065\004\110\004\065\004\075\004\070\004\117}{section.1}% 3
\BOOKMARK [1][-]{section.2}{\376\377\004\036\004\077\004\070\004\101\004\060\004\075\004\070\004\065\000\040\004\064\004\060\004\075\004\075\004\113\004\105}{}% 4
\BOOKMARK [1][-]{section.3}{\376\377\004\034\004\065\004\102\004\076\004\064\004\076\004\073\004\076\004\063\004\070\004\117}{}% 5
\BOOKMARK [2][-]{subsection.3.1}{\376\377\004\034\004\065\004\102\004\100\004\070\004\072\004\070}{section.3}% 6
\BOOKMARK [2][-]{subsection.3.2}{\376\377\004\032\004\073\004\060\004\101\004\101\004\070\004\107\004\065\004\101\004\072\004\076\004\065\000\040\004\074\004\060\004\110\004\070\004\075\004\075\004\076\004\065\000\040\004\076\004\061\004\103\004\107\004\065\004\075\004\070\004\065}{section.3}% 7
\BOOKMARK [3][-]{subsubsection.3.2.1}{\376\377\004\037\004\100\004\065\004\064\004\076\004\061\004\100\004\060\004\061\004\076\004\102\004\072\004\060\000\040\004\102\004\065\004\072\004\101\004\102\004\076\004\062}{subsection.3.2}% 8
\BOOKMARK [3][-]{subsubsection.3.2.2}{\376\377\004\022\004\065\004\072\004\102\004\076\004\100\004\070\004\067\004\060\004\106\004\070\004\117\000\040\004\102\004\065\004\072\004\101\004\102\004\076\004\062}{subsection.3.2}% 9
\BOOKMARK [3][-]{subsubsection.3.2.3}{\376\377\004\034\004\076\004\064\004\065\004\073\004\070}{subsection.3.2}% 10
\BOOKMARK [2][-]{subsection.3.3}{\376\377\004\042\004\100\004\060\004\075\004\101\004\104\004\076\004\100\004\074\004\065\004\100\004\113}{section.3}% 11
\BOOKMARK [3][-]{subsubsection.3.3.1}{\376\377\004\037\004\100\004\065\004\064\004\076\004\061\004\100\004\060\004\061\004\076\004\102\004\072\004\060\000\040\004\070\000\040\004\102\004\076\004\072\004\065\004\075\004\070\004\067\004\060\004\106\004\070\004\117\000\040\004\102\004\065\004\072\004\101\004\102\004\076\004\062}{subsection.3.3}% 12
\BOOKMARK [3][-]{subsubsection.3.3.2}{\376\377\004\034\004\076\004\064\004\065\004\073\004\070}{subsection.3.3}% 13
\BOOKMARK [1][-]{section.4}{\376\377\004\055\004\072\004\101\004\077\004\065\004\100\004\070\004\074\004\065\004\075\004\102\004\113}{}% 14
\BOOKMARK [2][-]{subsection.4.1}{\376\377\004\041\004\100\004\060\004\062\004\075\004\065\004\075\004\070\004\065\000\040\004\072\004\073\004\060\004\101\004\101\004\070\004\107\004\065\004\101\004\072\004\070\004\105\000\040\004\074\004\076\004\064\004\065\004\073\004\065\004\071\000\040\004\074\004\060\004\110\004\070\004\075\004\075\004\076\004\063\004\076\000\040\004\076\004\061\004\103\004\107\004\065\004\075\004\070\004\117\000.}{section.4}% 15
\BOOKMARK [3][-]{subsubsection.4.1.1}{\376\377\004\024\004\070\004\067\004\060\004\071\004\075\000\040\004\115\004\072\004\101\004\077\004\065\004\100\004\070\004\074\004\065\004\075\004\102\004\060\000.}{subsection.4.1}% 16
\BOOKMARK [3][-]{subsubsection.4.1.2}{\376\377\004\040\004\065\004\067\004\103\004\073\004\114\004\102\004\060\004\102\004\113\000\040\004\070\000\040\004\062\004\113\004\062\004\076\004\064\004\113}{subsection.4.1}% 17
\BOOKMARK [2][-]{subsection.4.2}{\376\377\004\042\004\100\004\060\004\075\004\101\004\104\004\076\004\100\004\074\004\065\004\100\004\113\000.\000\040\004\022\004\073\004\070\004\117\004\075\004\070\004\065\000\040\004\115\004\077\004\076\004\105\000.}{section.4}% 18
\BOOKMARK [3][-]{subsubsection.4.2.1}{\376\377\004\024\004\070\004\067\004\060\004\071\004\075\000\040\004\115\004\072\004\101\004\077\004\065\004\100\004\070\004\074\004\065\004\075\004\102\004\060}{subsection.4.2}% 19
\BOOKMARK [3][-]{subsubsection.4.2.2}{\376\377\004\040\004\065\004\067\004\103\004\073\004\114\004\102\004\060\004\102\004\113\000\040\004\070\000\040\004\062\004\113\004\062\004\076\004\064\004\113}{subsection.4.2}% 20
\BOOKMARK [2][-]{subsection.4.3}{\376\377\004\042\004\100\004\060\004\075\004\101\004\104\004\076\004\100\004\074\004\065\004\100\004\113\000.\000\040\004\022\004\073\004\070\004\117\004\075\004\070\004\065\000\040\004\100\004\060\004\067\004\074\004\065\004\100\004\060\000\040\004\061\004\060\004\102\004\107\004\060\000.}{section.4}% 21
\BOOKMARK [3][-]{subsubsection.4.3.1}{\376\377\004\024\004\070\004\067\004\060\004\071\004\075\000\040\004\115\004\072\004\101\004\077\004\065\004\100\004\070\004\074\004\065\004\075\004\102\004\060}{subsection.4.3}% 22
\BOOKMARK [3][-]{subsubsection.4.3.2}{\376\377\004\040\004\065\004\067\004\103\004\073\004\114\004\102\004\060\004\102\004\113\000\040\004\070\000\040\004\062\004\113\004\062\004\076\004\064\004\113}{subsection.4.3}% 23
\BOOKMARK [2][-]{subsection.4.4}{\376\377\004\042\004\100\004\060\004\075\004\101\004\104\004\076\004\100\004\074\004\065\004\100\004\113\000.\000\040\004\042\004\065\004\074\004\077\000\040\004\076\004\061\004\103\004\107\004\065\004\075\004\070\004\117\000.}{section.4}% 24
\BOOKMARK [3][-]{subsubsection.4.4.1}{\376\377\004\024\004\070\004\067\004\060\004\071\004\075\000\040\004\115\004\072\004\101\004\077\004\065\004\100\004\070\004\074\004\065\004\075\004\102\004\060}{subsection.4.4}% 25
\BOOKMARK [3][-]{subsubsection.4.4.2}{\376\377\004\040\004\065\004\067\004\103\004\073\004\114\004\102\004\060\004\102\004\113\000\040\004\070\000\040\004\062\004\113\004\062\004\076\004\064\004\113}{subsection.4.4}% 26
\BOOKMARK [2][-]{subsection.4.5}{\376\377\004\041\004\100\004\060\004\062\004\075\004\065\004\075\004\070\004\065\000\040\004\100\004\060\004\067\004\073\004\070\004\107\004\075\004\113\004\105\000\040\004\062\004\065\004\100\004\101\004\070\004\071\000\040\000B\000E\000R\000T}{section.4}% 27
\BOOKMARK [3][-]{subsubsection.4.5.1}{\376\377\004\024\004\070\004\067\004\060\004\071\004\075\000\040\004\115\004\072\004\101\004\077\004\065\004\100\004\070\004\074\004\065\004\075\004\102\004\060}{subsection.4.5}% 28
\BOOKMARK [3][-]{subsubsection.4.5.2}{\376\377\004\040\004\065\004\067\004\103\004\073\004\114\004\102\004\060\004\102\004\113\000\040\004\070\000\040\004\062\004\113\004\062\004\076\004\064\004\113}{subsection.4.5}% 29
